<?xml version="1.0" encoding="UTF-8"?>
<!-- Generated by org.testng.reporters.JUnitReportReporter -->
<testsuite hostname="Benjamin-PC" name="com.ontestautomation.jgiven.tests.LoginTest" tests="1" failures="0" timestamp="10 Sep 2018 18:37:13 GMT" time="0.429" errors="0">
  <testcase name="aFirstLoginTest" time="0.429" classname="com.ontestautomation.jgiven.tests.LoginTest"/>
</testsuite> <!-- com.ontestautomation.jgiven.tests.LoginTest -->
