<?xml version="1.0" encoding="UTF-8"?>
<!-- Generated by org.testng.reporters.JUnitReportReporter -->
<testsuite hostname="Benjamin-PC" name="com.ontestautomation.jgiven.tests.TestJGiven" tests="1" failures="0" timestamp="10 Sep 2018 18:48:06 GMT" time="0.239" errors="0">
  <testcase name="firstTest" time="0.239" classname="com.ontestautomation.jgiven.tests.TestJGiven"/>
</testsuite> <!-- com.ontestautomation.jgiven.tests.TestJGiven -->
